nohup: ignoring input
NULL
ColSums over: dataset/artificial_20150411_10Mx10k_discrete.csv
15/04/14 10:36:51 WARN util.NativeCodeLoader: Unable to load native-hadoop library for your platform... using builtin-java classes where applicable
packageJobJar: [] [/opt/cloudera/parcels/CDH-5.1.3-1.cdh5.1.3.p0.12/lib/hadoop-mapreduce/hadoop-streaming-2.3.0-cdh5.1.3.jar] /tmp/streamjob6154672128606676757.jar tmpDir=null
15/04/14 10:36:51 INFO client.RMProxy: Connecting to ResourceManager at node001/192.168.100.3:8032
15/04/14 10:36:51 INFO client.RMProxy: Connecting to ResourceManager at node001/192.168.100.3:8032
15/04/14 10:36:52 INFO mapred.FileInputFormat: Total input paths to process : 1
15/04/14 10:36:53 INFO mapreduce.JobSubmitter: number of splits:1491
15/04/14 10:36:54 INFO mapreduce.JobSubmitter: Submitting tokens for job: job_1421492562327_0492
15/04/14 10:36:54 INFO impl.YarnClientImpl: Submitted application application_1421492562327_0492
15/04/14 10:36:54 INFO mapreduce.Job: The url to track the job: http://node001:8088/proxy/application_1421492562327_0492/
15/04/14 10:36:54 INFO mapreduce.Job: Running job: job_1421492562327_0492
15/04/14 10:37:32 INFO mapreduce.Job: Job job_1421492562327_0492 running in uber mode : false
15/04/14 10:37:32 INFO mapreduce.Job:  map 0% reduce 0%
15/04/14 10:40:19 INFO mapreduce.Job:  map 1% reduce 0%
15/04/14 10:44:04 INFO mapreduce.Job:  map 2% reduce 0%
15/04/14 10:48:56 INFO mapreduce.Job:  map 3% reduce 0%
15/04/14 10:53:53 INFO mapreduce.Job:  map 4% reduce 0%
15/04/14 10:57:38 INFO mapreduce.Job:  map 5% reduce 0%
15/04/14 11:01:27 INFO mapreduce.Job:  map 6% reduce 0%
15/04/14 11:06:55 INFO mapreduce.Job:  map 7% reduce 0%
15/04/14 11:09:30 INFO mapreduce.Job:  map 8% reduce 0%
15/04/14 11:12:26 INFO mapreduce.Job:  map 9% reduce 0%
15/04/14 11:14:50 INFO mapreduce.Job:  map 10% reduce 0%
15/04/14 11:18:44 INFO mapreduce.Job:  map 11% reduce 0%
15/04/14 11:21:15 INFO mapreduce.Job:  map 12% reduce 0%
15/04/14 11:28:27 INFO mapreduce.Job:  map 13% reduce 0%
15/04/14 11:33:35 INFO mapreduce.Job:  map 14% reduce 0%
15/04/14 11:37:25 INFO mapreduce.Job:  map 15% reduce 0%
15/04/14 11:41:14 INFO mapreduce.Job:  map 16% reduce 0%
15/04/14 11:43:47 INFO mapreduce.Job:  map 17% reduce 0%
15/04/14 11:47:47 INFO mapreduce.Job:  map 18% reduce 0%
15/04/14 11:51:58 INFO mapreduce.Job:  map 19% reduce 0%
15/04/14 11:56:01 INFO mapreduce.Job:  map 20% reduce 0%
15/04/14 11:58:33 INFO mapreduce.Job:  map 21% reduce 0%
15/04/14 12:02:34 INFO mapreduce.Job:  map 22% reduce 0%
15/04/14 12:07:17 INFO mapreduce.Job:  map 23% reduce 0%
15/04/14 12:09:43 INFO mapreduce.Job:  map 24% reduce 0%
15/04/14 12:15:35 INFO mapreduce.Job:  map 25% reduce 0%
15/04/14 12:19:08 INFO mapreduce.Job:  map 26% reduce 0%
15/04/14 12:23:22 INFO mapreduce.Job:  map 27% reduce 0%
15/04/14 12:27:33 INFO mapreduce.Job:  map 28% reduce 0%
15/04/14 12:30:05 INFO mapreduce.Job:  map 29% reduce 0%
15/04/14 12:33:19 INFO mapreduce.Job:  map 30% reduce 0%
15/04/14 12:37:20 INFO mapreduce.Job:  map 31% reduce 0%
15/04/14 12:43:02 INFO mapreduce.Job:  map 32% reduce 0%
15/04/14 12:46:37 INFO mapreduce.Job:  map 33% reduce 0%
15/04/14 12:50:04 INFO mapreduce.Job:  map 34% reduce 0%
15/04/14 12:52:36 INFO mapreduce.Job:  map 35% reduce 0%
15/04/14 12:56:13 INFO mapreduce.Job:  map 36% reduce 0%
15/04/14 12:58:25 INFO mapreduce.Job:  map 37% reduce 0%
15/04/14 13:02:07 INFO mapreduce.Job:  map 38% reduce 0%
15/04/14 13:04:37 INFO mapreduce.Job:  map 39% reduce 0%
15/04/14 13:07:06 INFO mapreduce.Job:  map 40% reduce 0%
15/04/14 13:10:44 INFO mapreduce.Job:  map 41% reduce 0%
15/04/14 13:12:28 INFO mapreduce.Job:  map 42% reduce 0%
15/04/14 13:16:08 INFO mapreduce.Job:  map 43% reduce 0%
15/04/14 13:18:32 INFO mapreduce.Job:  map 44% reduce 0%
15/04/14 13:21:54 INFO mapreduce.Job:  map 45% reduce 0%
15/04/14 13:24:30 INFO mapreduce.Job:  map 46% reduce 0%
15/04/14 13:26:17 INFO mapreduce.Job:  map 47% reduce 0%
15/04/14 13:30:00 INFO mapreduce.Job:  map 48% reduce 0%
15/04/14 13:32:30 INFO mapreduce.Job:  map 49% reduce 0%
15/04/14 13:35:35 INFO mapreduce.Job:  map 50% reduce 0%
15/04/14 13:37:37 INFO mapreduce.Job:  map 51% reduce 0%
15/04/14 13:40:15 INFO mapreduce.Job:  map 52% reduce 0%
15/04/14 13:42:48 INFO mapreduce.Job:  map 53% reduce 0%
15/04/14 13:46:19 INFO mapreduce.Job:  map 54% reduce 0%
15/04/14 13:48:41 INFO mapreduce.Job:  map 55% reduce 0%
15/04/14 13:52:13 INFO mapreduce.Job:  map 56% reduce 0%
15/04/14 13:54:47 INFO mapreduce.Job:  map 57% reduce 0%
15/04/14 13:58:43 INFO mapreduce.Job:  map 58% reduce 0%
15/04/14 14:02:42 INFO mapreduce.Job:  map 59% reduce 0%
15/04/14 14:05:55 INFO mapreduce.Job:  map 60% reduce 0%
15/04/14 14:09:05 INFO mapreduce.Job:  map 61% reduce 0%
15/04/14 14:12:34 INFO mapreduce.Job:  map 62% reduce 0%
15/04/14 14:16:20 INFO mapreduce.Job:  map 63% reduce 0%
15/04/14 14:19:01 INFO mapreduce.Job:  map 64% reduce 0%
15/04/14 14:22:51 INFO mapreduce.Job:  map 65% reduce 0%
15/04/14 14:26:18 INFO mapreduce.Job:  map 66% reduce 0%
15/04/14 14:28:48 INFO mapreduce.Job:  map 67% reduce 0%
15/04/14 14:32:25 INFO mapreduce.Job:  map 68% reduce 0%
15/04/14 14:34:50 INFO mapreduce.Job:  map 69% reduce 0%
15/04/14 14:38:20 INFO mapreduce.Job:  map 70% reduce 0%
15/04/14 14:40:47 INFO mapreduce.Job:  map 71% reduce 0%
15/04/14 14:44:14 INFO mapreduce.Job:  map 72% reduce 0%
15/04/14 14:46:38 INFO mapreduce.Job:  map 73% reduce 0%
15/04/14 14:50:20 INFO mapreduce.Job:  map 74% reduce 0%
15/04/14 14:52:51 INFO mapreduce.Job:  map 75% reduce 0%
15/04/14 14:56:28 INFO mapreduce.Job:  map 76% reduce 0%
15/04/14 14:58:44 INFO mapreduce.Job:  map 77% reduce 0%
15/04/14 15:02:02 INFO mapreduce.Job:  map 78% reduce 0%
15/04/14 15:05:12 INFO mapreduce.Job:  map 79% reduce 0%
15/04/14 15:09:46 INFO mapreduce.Job:  map 80% reduce 0%
15/04/14 15:13:27 INFO mapreduce.Job:  map 80% reduce 1%
15/04/14 15:13:57 INFO mapreduce.Job:  map 80% reduce 0%
15/04/14 15:14:25 INFO mapreduce.Job:  map 81% reduce 0%
15/04/14 15:16:05 INFO mapreduce.Job:  map 81% reduce 1%
15/04/14 15:17:26 INFO mapreduce.Job:  map 81% reduce 0%
15/04/14 15:17:47 INFO mapreduce.Job:  map 81% reduce 1%
15/04/14 15:18:36 INFO mapreduce.Job:  map 82% reduce 1%
15/04/14 15:19:42 INFO mapreduce.Job:  map 82% reduce 2%
15/04/14 15:19:49 INFO mapreduce.Job:  map 82% reduce 1%
15/04/14 15:22:38 INFO mapreduce.Job:  map 83% reduce 1%
15/04/14 15:22:53 INFO mapreduce.Job:  map 83% reduce 2%
15/04/14 15:25:22 INFO mapreduce.Job:  map 83% reduce 1%
15/04/14 15:25:24 INFO mapreduce.Job:  map 83% reduce 0%
15/04/14 15:25:46 INFO mapreduce.Job:  map 83% reduce 1%
15/04/14 15:26:21 INFO mapreduce.Job:  map 83% reduce 2%
15/04/14 15:27:04 INFO mapreduce.Job:  map 83% reduce 1%
15/04/14 15:27:53 INFO mapreduce.Job:  map 84% reduce 1%
15/04/14 15:28:30 INFO mapreduce.Job:  map 84% reduce 2%
15/04/14 15:29:10 INFO mapreduce.Job:  map 84% reduce 1%
15/04/14 15:29:12 INFO mapreduce.Job:  map 84% reduce 0%
15/04/14 15:29:32 INFO mapreduce.Job:  map 84% reduce 1%
15/04/14 15:30:15 INFO mapreduce.Job:  map 84% reduce 2%
15/04/14 15:30:58 INFO mapreduce.Job:  map 84% reduce 1%
15/04/14 15:31:58 INFO mapreduce.Job:  map 84% reduce 2%
15/04/14 15:32:28 INFO mapreduce.Job:  map 85% reduce 2%
15/04/14 15:35:29 INFO mapreduce.Job:  map 85% reduce 1%
15/04/14 15:35:31 INFO mapreduce.Job:  map 85% reduce 0%
15/04/14 15:35:55 INFO mapreduce.Job:  map 85% reduce 1%
15/04/14 15:37:10 INFO mapreduce.Job:  map 85% reduce 0%
15/04/14 15:37:46 INFO mapreduce.Job:  map 86% reduce 0%
15/04/14 15:38:10 INFO mapreduce.Job:  map 86% reduce 1%
15/04/14 15:38:23 INFO mapreduce.Job:  map 86% reduce 2%
15/04/14 15:38:46 INFO mapreduce.Job:  map 86% reduce 1%
15/04/14 15:40:08 INFO mapreduce.Job:  map 86% reduce 2%
15/04/14 15:40:21 INFO mapreduce.Job:  map 86% reduce 1%
15/04/14 15:43:17 INFO mapreduce.Job:  map 87% reduce 1%
15/04/14 15:44:19 INFO mapreduce.Job:  map 87% reduce 0%
15/04/14 15:44:43 INFO mapreduce.Job:  map 87% reduce 1%
15/04/14 15:45:20 INFO mapreduce.Job:  map 87% reduce 2%
15/04/14 15:45:52 INFO mapreduce.Job:  map 87% reduce 1%
15/04/14 15:45:53 INFO mapreduce.Job:  map 87% reduce 0%
15/04/14 15:46:49 INFO mapreduce.Job:  map 87% reduce 1%
15/04/14 15:46:59 INFO mapreduce.Job:  map 87% reduce 2%
15/04/14 15:47:25 INFO mapreduce.Job:  map 87% reduce 1%
15/04/14 15:48:08 INFO mapreduce.Job:  map 88% reduce 1%
15/04/14 15:49:41 INFO mapreduce.Job:  map 88% reduce 0%
15/04/14 15:49:56 INFO mapreduce.Job:  map 88% reduce 1%
15/04/14 15:52:44 INFO mapreduce.Job:  map 89% reduce 1%
15/04/14 15:52:57 INFO mapreduce.Job:  map 89% reduce 0%
15/04/14 15:53:11 INFO mapreduce.Job:  map 89% reduce 1%
15/04/14 15:54:31 INFO mapreduce.Job:  map 89% reduce 2%
15/04/14 15:54:38 INFO mapreduce.Job:  map 89% reduce 1%
15/04/14 15:54:40 INFO mapreduce.Job:  map 89% reduce 3%
15/04/14 15:54:42 INFO mapreduce.Job:  map 89% reduce 0%
15/04/14 15:55:29 INFO mapreduce.Job:  map 89% reduce 1%
15/04/14 15:55:38 INFO mapreduce.Job:  map 89% reduce 2%
15/04/14 15:56:23 INFO mapreduce.Job:  map 89% reduce 4%
15/04/14 15:56:24 INFO mapreduce.Job:  map 89% reduce 1%
15/04/14 15:57:14 INFO mapreduce.Job:  map 90% reduce 1%
15/04/14 15:57:57 INFO mapreduce.Job:  map 90% reduce 0%
15/04/14 15:58:41 INFO mapreduce.Job:  map 90% reduce 1%
15/04/14 16:00:47 INFO mapreduce.Job:  map 90% reduce 2%
15/04/14 16:02:07 INFO mapreduce.Job:  map 91% reduce 2%
15/04/14 16:05:20 INFO mapreduce.Job:  map 91% reduce 1%
15/04/14 16:05:22 INFO mapreduce.Job:  map 91% reduce 0%
15/04/14 16:05:41 INFO mapreduce.Job:  map 91% reduce 1%
15/04/14 16:06:19 INFO mapreduce.Job:  map 91% reduce 2%
15/04/14 16:06:42 INFO mapreduce.Job:  map 91% reduce 1%
15/04/14 16:07:10 INFO mapreduce.Job:  map 92% reduce 1%
15/04/14 16:07:44 INFO mapreduce.Job:  map 92% reduce 2%
15/04/14 16:08:33 INFO mapreduce.Job:  map 92% reduce 1%
15/04/14 16:08:35 INFO mapreduce.Job:  map 92% reduce 0%
15/04/14 16:09:16 INFO mapreduce.Job:  map 92% reduce 1%
15/04/14 16:10:19 INFO mapreduce.Job:  map 92% reduce 4%
15/04/14 16:10:20 INFO mapreduce.Job:  map 92% reduce 1%
15/04/14 16:10:21 INFO mapreduce.Job:  map 92% reduce 0%
15/04/14 16:10:45 INFO mapreduce.Job:  map 93% reduce 0%
15/04/14 16:11:13 INFO mapreduce.Job:  map 93% reduce 1%
15/04/14 16:11:38 INFO mapreduce.Job:  map 93% reduce 0%
15/04/14 16:12:41 INFO mapreduce.Job:  map 93% reduce 1%
15/04/14 16:13:11 INFO mapreduce.Job:  map 93% reduce 0%
15/04/14 16:13:31 INFO mapreduce.Job:  map 93% reduce 1%
15/04/14 16:14:24 INFO mapreduce.Job:  map 93% reduce 2%
15/04/14 16:14:41 INFO mapreduce.Job:  map 93% reduce 1%
15/04/14 16:14:43 INFO mapreduce.Job:  map 93% reduce 0%
15/04/14 16:16:09 INFO mapreduce.Job:  map 94% reduce 0%
15/04/14 16:19:53 INFO mapreduce.Job:  map 94% reduce 1%
15/04/14 16:20:07 INFO mapreduce.Job:  map 94% reduce 0%
15/04/14 16:21:01 INFO mapreduce.Job:  map 94% reduce 1%
15/04/14 16:21:38 INFO mapreduce.Job:  map 95% reduce 1%
15/04/14 16:25:28 INFO mapreduce.Job:  map 96% reduce 1%
15/04/14 16:26:36 INFO mapreduce.Job:  map 96% reduce 0%
15/04/14 16:27:54 INFO mapreduce.Job:  map 96% reduce 1%
15/04/14 16:28:14 INFO mapreduce.Job:  map 97% reduce 1%
15/04/14 16:28:30 INFO mapreduce.Job:  map 97% reduce 0%
15/04/14 16:30:56 INFO mapreduce.Job:  map 97% reduce 1%
15/04/14 16:32:00 INFO mapreduce.Job:  map 97% reduce 3%
15/04/14 16:32:12 INFO mapreduce.Job:  map 97% reduce 0%
15/04/14 16:32:40 INFO mapreduce.Job:  map 97% reduce 1%
15/04/14 16:32:43 INFO mapreduce.Job:  map 98% reduce 1%
15/04/14 16:33:49 INFO mapreduce.Job:  map 98% reduce 3%
15/04/14 16:33:50 INFO mapreduce.Job:  map 98% reduce 0%
15/04/14 16:35:34 INFO mapreduce.Job:  map 98% reduce 1%
15/04/14 16:35:51 INFO mapreduce.Job:  map 98% reduce 0%
15/04/14 16:37:55 INFO mapreduce.Job:  map 99% reduce 0%
15/04/14 16:40:52 INFO mapreduce.Job:  map 99% reduce 1%
15/04/14 16:41:00 INFO mapreduce.Job:  map 99% reduce 0%
15/04/14 16:42:14 INFO mapreduce.Job:  map 100% reduce 0%
15/04/14 16:42:43 INFO mapreduce.Job:  map 100% reduce 3%
15/04/14 16:42:44 INFO mapreduce.Job:  map 100% reduce 0%
15/04/14 16:44:30 INFO mapreduce.Job:  map 100% reduce 3%
15/04/14 16:44:39 INFO mapreduce.Job:  map 100% reduce 6%
15/04/14 16:44:48 INFO mapreduce.Job:  map 100% reduce 8%
15/04/14 16:44:57 INFO mapreduce.Job:  map 100% reduce 11%
15/04/14 16:45:00 INFO mapreduce.Job:  map 100% reduce 14%
15/04/14 16:45:09 INFO mapreduce.Job:  map 100% reduce 17%
15/04/14 16:45:10 INFO mapreduce.Job:  map 100% reduce 19%
15/04/14 16:45:12 INFO mapreduce.Job:  map 100% reduce 22%
15/04/14 16:45:18 INFO mapreduce.Job:  map 100% reduce 25%
15/04/14 16:45:22 INFO mapreduce.Job:  map 100% reduce 28%
15/04/14 16:45:25 INFO mapreduce.Job:  map 100% reduce 31%
15/04/14 16:45:26 INFO mapreduce.Job:  map 100% reduce 33%
15/04/14 16:45:29 INFO mapreduce.Job:  map 100% reduce 36%
15/04/14 16:45:32 INFO mapreduce.Job:  map 100% reduce 39%
15/04/14 16:45:54 INFO mapreduce.Job:  map 100% reduce 42%
15/04/14 16:46:01 INFO mapreduce.Job:  map 100% reduce 44%
15/04/14 16:46:06 INFO mapreduce.Job:  map 100% reduce 47%
15/04/14 16:46:07 INFO mapreduce.Job:  map 100% reduce 50%
15/04/14 16:46:09 INFO mapreduce.Job:  map 100% reduce 53%
15/04/14 16:46:14 INFO mapreduce.Job:  map 100% reduce 56%
15/04/14 16:46:21 INFO mapreduce.Job:  map 100% reduce 58%
15/04/14 16:46:22 INFO mapreduce.Job:  map 100% reduce 61%
15/04/14 16:46:27 INFO mapreduce.Job:  map 100% reduce 62%
15/04/14 16:46:31 INFO mapreduce.Job:  map 100% reduce 64%
15/04/14 16:46:34 INFO mapreduce.Job:  map 100% reduce 69%
15/04/14 16:46:45 INFO mapreduce.Job:  map 100% reduce 71%
15/04/14 16:46:54 INFO mapreduce.Job:  map 100% reduce 74%
15/04/14 16:47:01 INFO mapreduce.Job:  map 100% reduce 80%
15/04/14 16:47:06 INFO mapreduce.Job:  map 100% reduce 82%
15/04/14 16:47:15 INFO mapreduce.Job:  map 100% reduce 85%
15/04/14 16:47:18 INFO mapreduce.Job:  map 100% reduce 86%
15/04/14 16:47:22 INFO mapreduce.Job:  map 100% reduce 89%
15/04/14 16:47:28 INFO mapreduce.Job:  map 100% reduce 92%
15/04/14 16:47:29 INFO mapreduce.Job:  map 100% reduce 94%
15/04/14 16:47:37 INFO mapreduce.Job:  map 100% reduce 100%
15/04/14 16:47:39 INFO mapreduce.Job: Job job_1421492562327_0492 completed successfully
15/04/14 16:47:40 INFO mapreduce.Job: Counters: 52
	File System Counters
		FILE: Number of bytes read=125397690
		FILE: Number of bytes written=405324798
		FILE: Number of read operations=0
		FILE: Number of large read operations=0
		FILE: Number of write operations=0
		HDFS: Number of bytes read=200097848434
		HDFS: Number of bytes written=183700
		HDFS: Number of read operations=4581
		HDFS: Number of large read operations=0
		HDFS: Number of write operations=72
	Job Counters 
		Killed reduce tasks=50
		Launched map tasks=1491
		Launched reduce tasks=86
		Data-local map tasks=1488
		Rack-local map tasks=3
		Total time spent by all maps in occupied slots (ms)=266875732
		Total time spent by all reduces in occupied slots (ms)=21533856
		Total time spent by all map tasks (ms)=66718933
		Total time spent by all reduce tasks (ms)=5383464
		Total vcore-seconds taken by all map tasks=66718933
		Total vcore-seconds taken by all reduce tasks=5383464
		Total megabyte-seconds taken by all map tasks=273280749568
		Total megabyte-seconds taken by all reduce tasks=22050668544
	Map-Reduce Framework
		Map input records=10000000
		Map output records=4473
		Map output bytes=267291570
		Map output materialized bytes=126445102
		Input split bytes=199794
		Combine input records=0
		Combine output records=0
		Reduce input groups=1
		Reduce shuffle bytes=126445102
		Reduce input records=4473
		Reduce output records=3
		Spilled Records=8946
		Shuffled Maps =53676
		Failed Shuffles=0
		Merged Map outputs=53676
		GC time elapsed (ms)=324133
		CPU time spent (ms)=51783740
		Physical memory (bytes) snapshot=623560495104
		Virtual memory (bytes) snapshot=1934389780480
		Total committed heap usage (bytes)=487930724352
	Shuffle Errors
		BAD_ID=0
		CONNECTION=0
		IO_ERROR=0
		WRONG_LENGTH=0
		WRONG_MAP=0
		WRONG_REDUCE=0
	File Input Format Counters 
		Bytes Read=200097648640
	File Output Format Counters 
		Bytes Written=183700
	rmr
		reduce calls=1
15/04/14 16:47:40 INFO streaming.StreamJob: Output directory: /tmp/file3a8a4ae02a
15/04/14 16:47:42 WARN util.NativeCodeLoader: Unable to load native-hadoop library for your platform... using builtin-java classes where applicable
15/04/14 16:47:45 WARN util.NativeCodeLoader: Unable to load native-hadoop library for your platform... using builtin-java classes where applicable
15/04/14 16:47:48 WARN util.NativeCodeLoader: Unable to load native-hadoop library for your platform... using builtin-java classes where applicable
15/04/14 16:47:51 WARN util.NativeCodeLoader: Unable to load native-hadoop library for your platform... using builtin-java classes where applicable
15/04/14 16:47:53 WARN util.NativeCodeLoader: Unable to load native-hadoop library for your platform... using builtin-java classes where applicable
15/04/14 16:47:55 WARN util.NativeCodeLoader: Unable to load native-hadoop library for your platform... using builtin-java classes where applicable
15/04/14 16:47:58 WARN util.NativeCodeLoader: Unable to load native-hadoop library for your platform... using builtin-java classes where applicable
15/04/14 16:48:01 WARN util.NativeCodeLoader: Unable to load native-hadoop library for your platform... using builtin-java classes where applicable
15/04/14 16:48:03 WARN util.NativeCodeLoader: Unable to load native-hadoop library for your platform... using builtin-java classes where applicable
15/04/14 16:48:11 WARN util.NativeCodeLoader: Unable to load native-hadoop library for your platform... using builtin-java classes where applicable
15/04/14 16:48:14 WARN util.NativeCodeLoader: Unable to load native-hadoop library for your platform... using builtin-java classes where applicable
15/04/14 16:48:16 WARN util.NativeCodeLoader: Unable to load native-hadoop library for your platform... using builtin-java classes where applicable
15/04/14 16:48:18 WARN util.NativeCodeLoader: Unable to load native-hadoop library for your platform... using builtin-java classes where applicable
15/04/14 16:48:21 WARN util.NativeCodeLoader: Unable to load native-hadoop library for your platform... using builtin-java classes where applicable
15/04/14 16:48:23 WARN util.NativeCodeLoader: Unable to load native-hadoop library for your platform... using builtin-java classes where applicable
15/04/14 16:48:30 WARN util.NativeCodeLoader: Unable to load native-hadoop library for your platform... using builtin-java classes where applicable
15/04/14 16:48:32 WARN util.NativeCodeLoader: Unable to load native-hadoop library for your platform... using builtin-java classes where applicable
15/04/14 16:48:35 WARN util.NativeCodeLoader: Unable to load native-hadoop library for your platform... using builtin-java classes where applicable
15/04/14 16:48:39 WARN util.NativeCodeLoader: Unable to load native-hadoop library for your platform... using builtin-java classes where applicable
15/04/14 16:48:41 WARN util.NativeCodeLoader: Unable to load native-hadoop library for your platform... using builtin-java classes where applicable
15/04/14 16:48:43 WARN util.NativeCodeLoader: Unable to load native-hadoop library for your platform... using builtin-java classes where applicable
15/04/14 16:48:49 WARN util.NativeCodeLoader: Unable to load native-hadoop library for your platform... using builtin-java classes where applicable
15/04/14 16:48:51 WARN util.NativeCodeLoader: Unable to load native-hadoop library for your platform... using builtin-java classes where applicable
15/04/14 16:48:53 WARN util.NativeCodeLoader: Unable to load native-hadoop library for your platform... using builtin-java classes where applicable
15/04/14 16:48:56 WARN util.NativeCodeLoader: Unable to load native-hadoop library for your platform... using builtin-java classes where applicable
15/04/14 16:48:58 WARN util.NativeCodeLoader: Unable to load native-hadoop library for your platform... using builtin-java classes where applicable
15/04/14 16:49:05 WARN util.NativeCodeLoader: Unable to load native-hadoop library for your platform... using builtin-java classes where applicable
15/04/14 16:49:08 WARN util.NativeCodeLoader: Unable to load native-hadoop library for your platform... using builtin-java classes where applicable
15/04/14 16:49:14 WARN util.NativeCodeLoader: Unable to load native-hadoop library for your platform... using builtin-java classes where applicable
15/04/14 16:49:16 WARN util.NativeCodeLoader: Unable to load native-hadoop library for your platform... using builtin-java classes where applicable
15/04/14 16:49:19 WARN util.NativeCodeLoader: Unable to load native-hadoop library for your platform... using builtin-java classes where applicable
15/04/14 16:49:25 WARN util.NativeCodeLoader: Unable to load native-hadoop library for your platform... using builtin-java classes where applicable
15/04/14 16:49:27 WARN util.NativeCodeLoader: Unable to load native-hadoop library for your platform... using builtin-java classes where applicable
15/04/14 16:49:30 WARN util.NativeCodeLoader: Unable to load native-hadoop library for your platform... using builtin-java classes where applicable
15/04/14 16:49:32 WARN util.NativeCodeLoader: Unable to load native-hadoop library for your platform... using builtin-java classes where applicable
15/04/14 16:49:34 WARN util.NativeCodeLoader: Unable to load native-hadoop library for your platform... using builtin-java classes where applicable
15/04/14 16:49:39 WARN util.NativeCodeLoader: Unable to load native-hadoop library for your platform... using builtin-java classes where applicable
15/04/14 16:49:42 WARN util.NativeCodeLoader: Unable to load native-hadoop library for your platform... using builtin-java classes where applicable
Testing dataset: dataset/artificial_20150411_10Mx10k_discrete.csv
15/04/14 16:49:49 WARN util.NativeCodeLoader: Unable to load native-hadoop library for your platform... using builtin-java classes where applicable
15/04/14 16:49:52 WARN util.NativeCodeLoader: Unable to load native-hadoop library for your platform... using builtin-java classes where applicable
15/04/14 16:49:53 INFO fs.TrashPolicyDefault: Namenode trash configuration: Deletion interval = 1440 minutes, Emptier interval = 0 minutes.
Moved: 'hdfs://node001:8020/tmp/file3a8a4ae02a' to trash at: hdfs://node001:8020/user/creggian/.Trash/Current
15/04/14 16:49:55 WARN util.NativeCodeLoader: Unable to load native-hadoop library for your platform... using builtin-java classes where applicable
packageJobJar: [] [/opt/cloudera/parcels/CDH-5.1.3-1.cdh5.1.3.p0.12/lib/hadoop-mapreduce/hadoop-streaming-2.3.0-cdh5.1.3.jar] /tmp/streamjob6809905191109120902.jar tmpDir=null
15/04/14 16:49:56 INFO client.RMProxy: Connecting to ResourceManager at node001/192.168.100.3:8032
15/04/14 16:49:56 INFO client.RMProxy: Connecting to ResourceManager at node001/192.168.100.3:8032
15/04/14 16:49:57 INFO mapred.FileInputFormat: Total input paths to process : 1
15/04/14 16:49:59 INFO mapreduce.JobSubmitter: number of splits:1491
15/04/14 16:49:59 INFO mapreduce.JobSubmitter: Submitting tokens for job: job_1421492562327_0525
15/04/14 16:50:03 INFO impl.YarnClientImpl: Submitted application application_1421492562327_0525
15/04/14 16:50:03 INFO mapreduce.Job: The url to track the job: http://node001:8088/proxy/application_1421492562327_0525/
15/04/14 16:50:03 INFO mapreduce.Job: Running job: job_1421492562327_0525
15/04/14 16:50:31 INFO mapreduce.Job: Job job_1421492562327_0525 running in uber mode : false
15/04/14 16:50:32 INFO mapreduce.Job:  map 0% reduce 0%
15/04/14 16:54:13 INFO mapreduce.Job:  map 1% reduce 0%
15/04/14 16:58:47 INFO mapreduce.Job:  map 2% reduce 0%
15/04/14 17:01:21 INFO mapreduce.Job:  map 3% reduce 0%
15/04/14 17:03:27 INFO mapreduce.Job:  map 4% reduce 0%
15/04/14 17:05:39 INFO mapreduce.Job:  map 5% reduce 0%
15/04/14 17:07:51 INFO mapreduce.Job:  map 6% reduce 0%
15/04/14 17:10:06 INFO mapreduce.Job:  map 7% reduce 0%
15/04/14 17:12:13 INFO mapreduce.Job:  map 8% reduce 0%
15/04/14 17:14:27 INFO mapreduce.Job:  map 9% reduce 0%
15/04/14 17:16:40 INFO mapreduce.Job:  map 10% reduce 0%
15/04/14 17:16:54 INFO mapreduce.Job: Task Id : attempt_1421492562327_0525_m_000132_0, Status : FAILED
Error: java.lang.RuntimeException: java.io.EOFException
	at org.apache.hadoop.streaming.PipeMapRed.waitOutputThreads(PipeMapRed.java:334)
	at org.apache.hadoop.streaming.PipeMapRed.mapRedFinished(PipeMapRed.java:533)
	at org.apache.hadoop.streaming.PipeMapper.close(PipeMapper.java:130)
	at org.apache.hadoop.mapred.MapRunner.run(MapRunner.java:61)
	at org.apache.hadoop.streaming.PipeMapRunner.run(PipeMapRunner.java:34)
	at org.apache.hadoop.mapred.MapTask.runOldMapper(MapTask.java:430)
	at org.apache.hadoop.mapred.MapTask.run(MapTask.java:342)
	at org.apache.hadoop.mapred.YarnChild$2.run(YarnChild.java:167)
	at java.security.AccessController.doPrivileged(Native Method)
	at javax.security.auth.Subject.doAs(Subject.java:415)
	at org.apache.hadoop.security.UserGroupInformation.doAs(UserGroupInformation.java:1554)
	at org.apache.hadoop.mapred.YarnChild.main(YarnChild.java:162)
Caused by: java.io.EOFException
	at java.io.DataInputStream.readFully(DataInputStream.java:197)
	at org.apache.hadoop.typedbytes.TypedBytesInput.readRawBytes(TypedBytesInput.java:218)
	at org.apache.hadoop.typedbytes.TypedBytesInput.readRaw(TypedBytesInput.java:152)
	at org.apache.hadoop.typedbytes.TypedBytesInput.readRawVector(TypedBytesInput.java:412)
	at org.apache.hadoop.typedbytes.TypedBytesInput.readRaw(TypedBytesInput.java:144)
	at org.apache.hadoop.streaming.io.TypedBytesOutputReader.readKeyValue(TypedBytesOutputReader.java:56)
	at org.apache.hadoop.streaming.PipeMapRed$MROutputThread.run(PipeMapRed.java:376)

15/04/14 17:19:00 INFO mapreduce.Job:  map 11% reduce 0%
15/04/14 17:21:04 INFO mapreduce.Job:  map 12% reduce 0%
15/04/14 17:23:21 INFO mapreduce.Job:  map 13% reduce 0%
15/04/14 17:25:31 INFO mapreduce.Job:  map 14% reduce 0%
15/04/14 17:27:40 INFO mapreduce.Job:  map 15% reduce 0%
15/04/14 17:29:51 INFO mapreduce.Job:  map 16% reduce 0%
15/04/14 17:32:05 INFO mapreduce.Job:  map 17% reduce 0%
15/04/14 17:34:19 INFO mapreduce.Job:  map 18% reduce 0%
15/04/14 17:36:26 INFO mapreduce.Job:  map 19% reduce 0%
15/04/14 17:38:40 INFO mapreduce.Job:  map 20% reduce 0%
15/04/14 17:40:50 INFO mapreduce.Job:  map 21% reduce 0%
15/04/14 17:42:57 INFO mapreduce.Job:  map 22% reduce 0%
15/04/14 17:45:10 INFO mapreduce.Job:  map 23% reduce 0%
15/04/14 17:47:17 INFO mapreduce.Job:  map 24% reduce 0%
15/04/14 17:49:31 INFO mapreduce.Job:  map 25% reduce 0%
15/04/14 17:51:51 INFO mapreduce.Job:  map 26% reduce 0%
15/04/14 17:52:48 INFO mapreduce.Job: Task Id : attempt_1421492562327_0525_m_000382_0, Status : FAILED
Error: java.lang.RuntimeException: java.io.EOFException
	at org.apache.hadoop.streaming.PipeMapRed.waitOutputThreads(PipeMapRed.java:334)
	at org.apache.hadoop.streaming.PipeMapRed.mapRedFinished(PipeMapRed.java:533)
	at org.apache.hadoop.streaming.PipeMapper.close(PipeMapper.java:130)
	at org.apache.hadoop.mapred.MapRunner.run(MapRunner.java:61)
	at org.apache.hadoop.streaming.PipeMapRunner.run(PipeMapRunner.java:34)
	at org.apache.hadoop.mapred.MapTask.runOldMapper(MapTask.java:430)
	at org.apache.hadoop.mapred.MapTask.run(MapTask.java:342)
	at org.apache.hadoop.mapred.YarnChild$2.run(YarnChild.java:167)
	at java.security.AccessController.doPrivileged(Native Method)
	at javax.security.auth.Subject.doAs(Subject.java:415)
	at org.apache.hadoop.security.UserGroupInformation.doAs(UserGroupInformation.java:1554)
	at org.apache.hadoop.mapred.YarnChild.main(YarnChild.java:162)
Caused by: java.io.EOFException
	at java.io.DataInputStream.readFully(DataInputStream.java:197)
	at org.apache.hadoop.typedbytes.TypedBytesInput.readRawBytes(TypedBytesInput.java:218)
	at org.apache.hadoop.typedbytes.TypedBytesInput.readRaw(TypedBytesInput.java:152)
	at org.apache.hadoop.typedbytes.TypedBytesInput.readRawVector(TypedBytesInput.java:412)
	at org.apache.hadoop.typedbytes.TypedBytesInput.readRaw(TypedBytesInput.java:144)
	at org.apache.hadoop.streaming.io.TypedBytesOutputReader.readKeyValue(TypedBytesOutputReader.java:56)
	at org.apache.hadoop.streaming.PipeMapRed$MROutputThread.run(PipeMapRed.java:376)

15/04/14 17:54:10 INFO mapreduce.Job:  map 27% reduce 0%
15/04/14 17:56:21 INFO mapreduce.Job:  map 28% reduce 0%
15/04/14 17:58:30 INFO mapreduce.Job:  map 29% reduce 0%
15/04/14 18:00:30 INFO mapreduce.Job:  map 30% reduce 0%
15/04/14 18:02:32 INFO mapreduce.Job:  map 31% reduce 0%
15/04/14 18:04:37 INFO mapreduce.Job:  map 32% reduce 0%
15/04/14 18:07:06 INFO mapreduce.Job:  map 33% reduce 0%
15/04/14 18:09:22 INFO mapreduce.Job:  map 34% reduce 0%
15/04/14 18:11:07 INFO mapreduce.Job:  map 35% reduce 0%
15/04/14 18:13:36 INFO mapreduce.Job:  map 36% reduce 0%
15/04/14 18:14:21 INFO mapreduce.Job: Task Id : attempt_1421492562327_0525_m_000544_0, Status : FAILED
Error: java.lang.RuntimeException: java.io.EOFException
	at org.apache.hadoop.streaming.PipeMapRed.waitOutputThreads(PipeMapRed.java:334)
	at org.apache.hadoop.streaming.PipeMapRed.mapRedFinished(PipeMapRed.java:533)
	at org.apache.hadoop.streaming.PipeMapper.close(PipeMapper.java:130)
	at org.apache.hadoop.mapred.MapRunner.run(MapRunner.java:61)
	at org.apache.hadoop.streaming.PipeMapRunner.run(PipeMapRunner.java:34)
	at org.apache.hadoop.mapred.MapTask.runOldMapper(MapTask.java:430)
	at org.apache.hadoop.mapred.MapTask.run(MapTask.java:342)
	at org.apache.hadoop.mapred.YarnChild$2.run(YarnChild.java:167)
	at java.security.AccessController.doPrivileged(Native Method)
	at javax.security.auth.Subject.doAs(Subject.java:415)
	at org.apache.hadoop.security.UserGroupInformation.doAs(UserGroupInformation.java:1554)
	at org.apache.hadoop.mapred.YarnChild.main(YarnChild.java:162)
Caused by: java.io.EOFException
	at java.io.DataInputStream.readFully(DataInputStream.java:197)
	at org.apache.hadoop.typedbytes.TypedBytesInput.readRawBytes(TypedBytesInput.java:218)
	at org.apache.hadoop.typedbytes.TypedBytesInput.readRaw(TypedBytesInput.java:152)
	at org.apache.hadoop.typedbytes.TypedBytesInput.readRawVector(TypedBytesInput.java:412)
	at org.apache.hadoop.typedbytes.TypedBytesInput.readRaw(TypedBytesInput.java:144)
	at org.apache.hadoop.streaming.io.TypedBytesOutputReader.readKeyValue(TypedBytesOutputReader.java:56)
	at org.apache.hadoop.streaming.PipeMapRed$MROutputThread.run(PipeMapRed.java:376)

15/04/14 18:16:04 INFO mapreduce.Job:  map 37% reduce 0%
15/04/14 18:18:09 INFO mapreduce.Job:  map 38% reduce 0%
15/04/14 18:20:07 INFO mapreduce.Job:  map 39% reduce 0%
15/04/14 18:21:49 INFO mapreduce.Job:  map 40% reduce 0%
15/04/14 18:23:59 INFO mapreduce.Job:  map 41% reduce 0%
15/04/14 18:26:12 INFO mapreduce.Job:  map 42% reduce 0%
15/04/14 18:28:33 INFO mapreduce.Job:  map 43% reduce 0%
15/04/14 18:31:02 INFO mapreduce.Job:  map 44% reduce 0%
15/04/14 18:32:59 INFO mapreduce.Job:  map 45% reduce 0%
15/04/14 18:35:04 INFO mapreduce.Job:  map 46% reduce 0%
15/04/14 18:37:08 INFO mapreduce.Job:  map 47% reduce 0%
15/04/14 18:39:22 INFO mapreduce.Job:  map 48% reduce 0%
15/04/14 18:41:31 INFO mapreduce.Job:  map 49% reduce 0%
15/04/14 18:43:42 INFO mapreduce.Job:  map 50% reduce 0%
15/04/14 18:45:54 INFO mapreduce.Job:  map 51% reduce 0%
15/04/14 18:48:06 INFO mapreduce.Job:  map 52% reduce 0%
15/04/14 18:50:15 INFO mapreduce.Job:  map 53% reduce 0%
15/04/14 18:52:27 INFO mapreduce.Job:  map 54% reduce 0%
15/04/14 18:54:42 INFO mapreduce.Job:  map 55% reduce 0%
15/04/14 18:56:47 INFO mapreduce.Job:  map 56% reduce 0%
15/04/14 18:58:57 INFO mapreduce.Job:  map 57% reduce 0%
15/04/14 19:01:13 INFO mapreduce.Job:  map 58% reduce 0%
15/04/14 19:03:28 INFO mapreduce.Job:  map 59% reduce 0%
15/04/14 19:05:45 INFO mapreduce.Job:  map 60% reduce 0%
15/04/14 19:07:53 INFO mapreduce.Job:  map 61% reduce 0%
15/04/14 19:10:16 INFO mapreduce.Job:  map 62% reduce 0%
15/04/14 19:12:19 INFO mapreduce.Job:  map 63% reduce 0%
15/04/14 19:14:27 INFO mapreduce.Job:  map 64% reduce 0%
15/04/14 19:16:40 INFO mapreduce.Job:  map 65% reduce 0%
15/04/14 19:18:55 INFO mapreduce.Job:  map 66% reduce 0%
15/04/14 19:20:14 INFO mapreduce.Job: Task Id : attempt_1421492562327_0525_m_000979_0, Status : FAILED
Error: java.lang.RuntimeException: java.io.EOFException
	at org.apache.hadoop.streaming.PipeMapRed.waitOutputThreads(PipeMapRed.java:334)
	at org.apache.hadoop.streaming.PipeMapRed.mapRedFinished(PipeMapRed.java:533)
	at org.apache.hadoop.streaming.PipeMapper.close(PipeMapper.java:130)
	at org.apache.hadoop.mapred.MapRunner.run(MapRunner.java:61)
	at org.apache.hadoop.streaming.PipeMapRunner.run(PipeMapRunner.java:34)
	at org.apache.hadoop.mapred.MapTask.runOldMapper(MapTask.java:430)
	at org.apache.hadoop.mapred.MapTask.run(MapTask.java:342)
	at org.apache.hadoop.mapred.YarnChild$2.run(YarnChild.java:167)
	at java.security.AccessController.doPrivileged(Native Method)
	at javax.security.auth.Subject.doAs(Subject.java:415)
	at org.apache.hadoop.security.UserGroupInformation.doAs(UserGroupInformation.java:1554)
	at org.apache.hadoop.mapred.YarnChild.main(YarnChild.java:162)
Caused by: java.io.EOFException
	at java.io.DataInputStream.readFully(DataInputStream.java:197)
	at org.apache.hadoop.typedbytes.TypedBytesInput.readRawBytes(TypedBytesInput.java:218)
	at org.apache.hadoop.typedbytes.TypedBytesInput.readRaw(TypedBytesInput.java:152)
	at org.apache.hadoop.typedbytes.TypedBytesInput.readRawVector(TypedBytesInput.java:412)
	at org.apache.hadoop.typedbytes.TypedBytesInput.readRaw(TypedBytesInput.java:144)
	at org.apache.hadoop.streaming.io.TypedBytesOutputReader.readKeyValue(TypedBytesOutputReader.java:56)
	at org.apache.hadoop.streaming.PipeMapRed$MROutputThread.run(PipeMapRed.java:376)

15/04/14 19:21:04 INFO mapreduce.Job:  map 67% reduce 0%
15/04/14 19:23:17 INFO mapreduce.Job:  map 68% reduce 0%
15/04/14 19:25:29 INFO mapreduce.Job:  map 69% reduce 0%
15/04/14 19:27:40 INFO mapreduce.Job:  map 70% reduce 0%
15/04/14 19:29:54 INFO mapreduce.Job:  map 71% reduce 0%
15/04/14 19:32:01 INFO mapreduce.Job:  map 72% reduce 0%
15/04/14 19:34:17 INFO mapreduce.Job:  map 73% reduce 0%
15/04/14 19:36:25 INFO mapreduce.Job:  map 74% reduce 0%
15/04/14 19:38:41 INFO mapreduce.Job:  map 75% reduce 0%
15/04/14 19:42:14 INFO mapreduce.Job:  map 76% reduce 0%
15/04/14 19:44:45 INFO mapreduce.Job:  map 77% reduce 0%
15/04/14 19:47:06 INFO mapreduce.Job:  map 78% reduce 0%
15/04/14 19:49:54 INFO mapreduce.Job:  map 79% reduce 0%
15/04/14 19:50:03 INFO mapreduce.Job: Task Id : attempt_1421492562327_0525_m_001178_0, Status : FAILED
Error: java.lang.RuntimeException: java.io.EOFException
	at org.apache.hadoop.streaming.PipeMapRed.waitOutputThreads(PipeMapRed.java:334)
	at org.apache.hadoop.streaming.PipeMapRed.mapRedFinished(PipeMapRed.java:533)
	at org.apache.hadoop.streaming.PipeMapper.close(PipeMapper.java:130)
	at org.apache.hadoop.mapred.MapRunner.run(MapRunner.java:61)
	at org.apache.hadoop.streaming.PipeMapRunner.run(PipeMapRunner.java:34)
	at org.apache.hadoop.mapred.MapTask.runOldMapper(MapTask.java:430)
	at org.apache.hadoop.mapred.MapTask.run(MapTask.java:342)
	at org.apache.hadoop.mapred.YarnChild$2.run(YarnChild.java:167)
	at java.security.AccessController.doPrivileged(Native Method)
	at javax.security.auth.Subject.doAs(Subject.java:415)
	at org.apache.hadoop.security.UserGroupInformation.doAs(UserGroupInformation.java:1554)
	at org.apache.hadoop.mapred.YarnChild.main(YarnChild.java:162)
Caused by: java.io.EOFException
	at java.io.DataInputStream.readFully(DataInputStream.java:197)
	at org.apache.hadoop.typedbytes.TypedBytesInput.readRawBytes(TypedBytesInput.java:218)
	at org.apache.hadoop.typedbytes.TypedBytesInput.readRaw(TypedBytesInput.java:152)
	at org.apache.hadoop.typedbytes.TypedBytesInput.readRawVector(TypedBytesInput.java:412)
	at org.apache.hadoop.typedbytes.TypedBytesInput.readRaw(TypedBytesInput.java:144)
	at org.apache.hadoop.streaming.io.TypedBytesOutputReader.readKeyValue(TypedBytesOutputReader.java:56)
	at org.apache.hadoop.streaming.PipeMapRed$MROutputThread.run(PipeMapRed.java:376)

15/04/14 19:52:13 INFO mapreduce.Job:  map 80% reduce 0%
15/04/14 19:54:44 INFO mapreduce.Job:  map 81% reduce 1%
15/04/14 19:56:24 INFO mapreduce.Job:  map 81% reduce 2%
15/04/14 19:57:41 INFO mapreduce.Job:  map 82% reduce 2%
15/04/14 19:58:57 INFO mapreduce.Job: Task Id : attempt_1421492562327_0525_m_001224_0, Status : FAILED
Error: java.lang.RuntimeException: java.io.EOFException
	at org.apache.hadoop.streaming.PipeMapRed.waitOutputThreads(PipeMapRed.java:334)
	at org.apache.hadoop.streaming.PipeMapRed.mapRedFinished(PipeMapRed.java:533)
	at org.apache.hadoop.streaming.PipeMapper.close(PipeMapper.java:130)
	at org.apache.hadoop.mapred.MapRunner.run(MapRunner.java:61)
	at org.apache.hadoop.streaming.PipeMapRunner.run(PipeMapRunner.java:34)
	at org.apache.hadoop.mapred.MapTask.runOldMapper(MapTask.java:430)
	at org.apache.hadoop.mapred.MapTask.run(MapTask.java:342)
	at org.apache.hadoop.mapred.YarnChild$2.run(YarnChild.java:167)
	at java.security.AccessController.doPrivileged(Native Method)
	at javax.security.auth.Subject.doAs(Subject.java:415)
	at org.apache.hadoop.security.UserGroupInformation.doAs(UserGroupInformation.java:1554)
	at org.apache.hadoop.mapred.YarnChild.main(YarnChild.java:162)
Caused by: java.io.EOFException
	at java.io.DataInputStream.readFully(DataInputStream.java:197)
	at org.apache.hadoop.typedbytes.TypedBytesInput.readRawBytes(TypedBytesInput.java:218)
	at org.apache.hadoop.typedbytes.TypedBytesInput.readRaw(TypedBytesInput.java:152)
	at org.apache.hadoop.typedbytes.TypedBytesInput.readRawVector(TypedBytesInput.java:412)
	at org.apache.hadoop.typedbytes.TypedBytesInput.readRaw(TypedBytesInput.java:144)
	at org.apache.hadoop.streaming.io.TypedBytesOutputReader.readKeyValue(TypedBytesOutputReader.java:56)
	at org.apache.hadoop.streaming.PipeMapRed$MROutputThread.run(PipeMapRed.java:376)

15/04/14 20:00:35 INFO mapreduce.Job:  map 82% reduce 1%
15/04/14 20:01:29 INFO mapreduce.Job:  map 83% reduce 1%
15/04/14 20:02:56 INFO mapreduce.Job:  map 83% reduce 0%
15/04/14 20:05:08 INFO mapreduce.Job:  map 84% reduce 0%
15/04/14 20:07:00 INFO mapreduce.Job:  map 84% reduce 1%
15/04/14 20:07:40 INFO mapreduce.Job:  map 84% reduce 2%
15/04/14 20:08:14 INFO mapreduce.Job:  map 84% reduce 1%
15/04/14 20:08:16 INFO mapreduce.Job:  map 84% reduce 3%
15/04/14 20:08:17 INFO mapreduce.Job:  map 84% reduce 0%
15/04/14 20:09:16 INFO mapreduce.Job:  map 84% reduce 1%
15/04/14 20:09:29 INFO mapreduce.Job:  map 85% reduce 1%
15/04/14 20:09:52 INFO mapreduce.Job:  map 85% reduce 2%
15/04/14 20:09:56 INFO mapreduce.Job:  map 85% reduce 3%
15/04/14 20:10:33 INFO mapreduce.Job:  map 85% reduce 2%
15/04/14 20:12:22 INFO mapreduce.Job:  map 86% reduce 2%
15/04/14 20:14:42 INFO mapreduce.Job:  map 86% reduce 1%
15/04/14 20:14:44 INFO mapreduce.Job:  map 86% reduce 0%
15/04/14 20:15:55 INFO mapreduce.Job:  map 87% reduce 0%
15/04/14 20:16:16 INFO mapreduce.Job:  map 87% reduce 1%
15/04/14 20:16:23 INFO mapreduce.Job:  map 87% reduce 2%
15/04/14 20:16:35 INFO mapreduce.Job:  map 87% reduce 1%
15/04/14 20:16:38 INFO mapreduce.Job:  map 87% reduce 0%
15/04/14 20:20:05 INFO mapreduce.Job:  map 87% reduce 1%
15/04/14 20:20:28 INFO mapreduce.Job:  map 88% reduce 1%
15/04/14 20:21:06 INFO mapreduce.Job:  map 88% reduce 2%
15/04/14 20:21:20 INFO mapreduce.Job:  map 88% reduce 1%
15/04/14 20:21:22 INFO mapreduce.Job:  map 88% reduce 0%
15/04/14 20:22:44 INFO mapreduce.Job:  map 88% reduce 1%
15/04/14 20:22:54 INFO mapreduce.Job:  map 88% reduce 2%
15/04/14 20:22:55 INFO mapreduce.Job:  map 89% reduce 2%
15/04/14 20:23:05 INFO mapreduce.Job:  map 89% reduce 1%
15/04/14 20:23:07 INFO mapreduce.Job:  map 89% reduce 0%
15/04/14 20:24:42 INFO mapreduce.Job:  map 89% reduce 1%
15/04/14 20:24:48 INFO mapreduce.Job:  map 89% reduce 2%
15/04/14 20:25:12 INFO mapreduce.Job:  map 89% reduce 4%
15/04/14 20:25:13 INFO mapreduce.Job:  map 89% reduce 1%
15/04/14 20:25:14 INFO mapreduce.Job:  map 89% reduce 0%
15/04/14 20:26:22 INFO mapreduce.Job:  map 90% reduce 0%
15/04/14 20:26:52 INFO mapreduce.Job:  map 90% reduce 1%
15/04/14 20:26:53 INFO mapreduce.Job:  map 90% reduce 2%
15/04/14 20:27:33 INFO mapreduce.Job:  map 90% reduce 1%
15/04/14 20:27:35 INFO mapreduce.Job:  map 90% reduce 0%
15/04/14 20:28:50 INFO mapreduce.Job:  map 91% reduce 0%
15/04/14 20:29:07 INFO mapreduce.Job:  map 91% reduce 1%
15/04/14 20:29:13 INFO mapreduce.Job:  map 91% reduce 2%
15/04/14 20:29:19 INFO mapreduce.Job:  map 91% reduce 3%
15/04/14 20:29:40 INFO mapreduce.Job:  map 91% reduce 1%
15/04/14 20:29:42 INFO mapreduce.Job:  map 91% reduce 0%
15/04/14 20:30:45 INFO mapreduce.Job:  map 91% reduce 1%
15/04/14 20:30:47 INFO mapreduce.Job:  map 91% reduce 3%
15/04/14 20:31:16 INFO mapreduce.Job:  map 91% reduce 2%
15/04/14 20:31:18 INFO mapreduce.Job:  map 91% reduce 1%
15/04/14 20:31:20 INFO mapreduce.Job:  map 91% reduce 0%
15/04/14 20:32:22 INFO mapreduce.Job:  map 92% reduce 0%
15/04/14 20:32:58 INFO mapreduce.Job:  map 92% reduce 1%
15/04/14 20:33:01 INFO mapreduce.Job:  map 92% reduce 2%
15/04/14 20:33:05 INFO mapreduce.Job:  map 92% reduce 3%
15/04/14 20:33:46 INFO mapreduce.Job:  map 92% reduce 6%
15/04/14 20:33:48 INFO mapreduce.Job:  map 92% reduce 1%
15/04/14 20:33:49 INFO mapreduce.Job:  map 92% reduce 0%
15/04/14 20:35:01 INFO mapreduce.Job:  map 93% reduce 0%
15/04/14 20:35:18 INFO mapreduce.Job:  map 93% reduce 1%
15/04/14 20:35:19 INFO mapreduce.Job:  map 93% reduce 2%
15/04/14 20:35:26 INFO mapreduce.Job:  map 93% reduce 3%
15/04/14 20:35:40 INFO mapreduce.Job:  map 93% reduce 1%
15/04/14 20:35:42 INFO mapreduce.Job:  map 93% reduce 0%
15/04/14 20:37:41 INFO mapreduce.Job:  map 94% reduce 0%
15/04/14 20:39:38 INFO mapreduce.Job:  map 94% reduce 1%
15/04/14 20:40:12 INFO mapreduce.Job:  map 94% reduce 0%
15/04/14 20:41:28 INFO mapreduce.Job:  map 95% reduce 0%
15/04/14 20:41:50 INFO mapreduce.Job:  map 95% reduce 1%
15/04/14 20:42:13 INFO mapreduce.Job:  map 95% reduce 0%
15/04/14 20:43:03 INFO mapreduce.Job:  map 95% reduce 1%
15/04/14 20:44:16 INFO mapreduce.Job:  map 95% reduce 0%
15/04/14 20:45:32 INFO mapreduce.Job:  map 96% reduce 0%
15/04/14 20:45:58 INFO mapreduce.Job:  map 96% reduce 1%
15/04/14 20:48:51 INFO mapreduce.Job:  map 96% reduce 0%
15/04/14 20:49:53 INFO mapreduce.Job:  map 97% reduce 0%
15/04/14 20:50:04 INFO mapreduce.Job:  map 97% reduce 1%
15/04/14 20:50:37 INFO mapreduce.Job:  map 97% reduce 0%
15/04/14 20:52:14 INFO mapreduce.Job:  map 97% reduce 1%
15/04/14 20:52:16 INFO mapreduce.Job:  map 97% reduce 2%
15/04/14 20:52:35 INFO mapreduce.Job:  map 97% reduce 1%
15/04/14 20:52:37 INFO mapreduce.Job:  map 97% reduce 0%
15/04/14 20:53:50 INFO mapreduce.Job:  map 98% reduce 0%
15/04/14 20:54:17 INFO mapreduce.Job:  map 98% reduce 1%
15/04/14 20:54:48 INFO mapreduce.Job:  map 98% reduce 0%
15/04/14 20:56:12 INFO mapreduce.Job:  map 98% reduce 1%
15/04/14 20:56:38 INFO mapreduce.Job:  map 98% reduce 0%
15/04/14 20:57:38 INFO mapreduce.Job:  map 99% reduce 0%
15/04/14 20:58:08 INFO mapreduce.Job:  map 99% reduce 1%
15/04/14 20:58:40 INFO mapreduce.Job:  map 99% reduce 0%
15/04/14 21:00:45 INFO mapreduce.Job:  map 100% reduce 0%
15/04/14 21:02:09 INFO mapreduce.Job:  map 100% reduce 1%
15/04/14 21:02:34 INFO mapreduce.Job:  map 100% reduce 2%
15/04/14 21:02:38 INFO mapreduce.Job:  map 100% reduce 3%
15/04/14 21:03:11 INFO mapreduce.Job:  map 100% reduce 5%
15/04/14 21:03:12 INFO mapreduce.Job:  map 100% reduce 6%
15/04/14 21:03:13 INFO mapreduce.Job:  map 100% reduce 8%
15/04/14 21:03:20 INFO mapreduce.Job:  map 100% reduce 11%
15/04/14 21:03:23 INFO mapreduce.Job:  map 100% reduce 16%
15/04/14 21:03:26 INFO mapreduce.Job:  map 100% reduce 18%
15/04/14 21:03:27 INFO mapreduce.Job:  map 100% reduce 22%
15/04/14 21:03:31 INFO mapreduce.Job:  map 100% reduce 25%
15/04/14 21:03:35 INFO mapreduce.Job:  map 100% reduce 28%
15/04/14 21:03:37 INFO mapreduce.Job:  map 100% reduce 29%
15/04/14 21:03:40 INFO mapreduce.Job:  map 100% reduce 30%
15/04/14 21:03:48 INFO mapreduce.Job:  map 100% reduce 31%
15/04/14 21:03:54 INFO mapreduce.Job:  map 100% reduce 33%
15/04/14 21:04:10 INFO mapreduce.Job:  map 100% reduce 34%
15/04/14 21:04:16 INFO mapreduce.Job:  map 100% reduce 36%
15/04/14 21:04:24 INFO mapreduce.Job:  map 100% reduce 39%
15/04/14 21:04:26 INFO mapreduce.Job:  map 100% reduce 41%
15/04/14 21:04:28 INFO mapreduce.Job:  map 100% reduce 42%
15/04/14 21:04:30 INFO mapreduce.Job:  map 100% reduce 44%
15/04/14 21:04:31 INFO mapreduce.Job:  map 100% reduce 47%
15/04/14 21:04:34 INFO mapreduce.Job:  map 100% reduce 50%
15/04/14 21:04:38 INFO mapreduce.Job:  map 100% reduce 53%
15/04/14 21:04:44 INFO mapreduce.Job:  map 100% reduce 55%
15/04/14 21:04:56 INFO mapreduce.Job:  map 100% reduce 56%
15/04/14 21:05:05 INFO mapreduce.Job:  map 100% reduce 58%
15/04/14 21:05:06 INFO mapreduce.Job:  map 100% reduce 61%
15/04/14 21:05:15 INFO mapreduce.Job:  map 100% reduce 64%
15/04/14 21:05:16 INFO mapreduce.Job:  map 100% reduce 69%
15/04/14 21:05:25 INFO mapreduce.Job:  map 100% reduce 72%
15/04/14 21:05:26 INFO mapreduce.Job:  map 100% reduce 77%
15/04/14 21:05:29 INFO mapreduce.Job:  map 100% reduce 79%
15/04/14 21:05:30 INFO mapreduce.Job:  map 100% reduce 81%
15/04/14 21:05:32 INFO mapreduce.Job:  map 100% reduce 83%
15/04/14 21:05:33 INFO mapreduce.Job:  map 100% reduce 86%
15/04/14 21:06:17 INFO mapreduce.Job:  map 100% reduce 89%
15/04/14 21:06:25 INFO mapreduce.Job:  map 100% reduce 92%
15/04/14 21:06:26 INFO mapreduce.Job:  map 100% reduce 94%
15/04/14 21:06:27 INFO mapreduce.Job:  map 100% reduce 97%
15/04/14 21:06:29 INFO mapreduce.Job:  map 100% reduce 99%
15/04/14 21:06:32 INFO mapreduce.Job:  map 100% reduce 100%
15/04/14 21:06:43 INFO mapreduce.Job: Job job_1421492562327_0525 completed successfully
15/04/14 21:06:43 INFO mapreduce.Job: Counters: 54
	File System Counters
		FILE: Number of bytes read=255918374
		FILE: Number of bytes written=621924739
		FILE: Number of read operations=0
		FILE: Number of large read operations=0
		FILE: Number of write operations=0
		HDFS: Number of bytes read=200097848434
		HDFS: Number of bytes written=2237022
		HDFS: Number of read operations=4581
		HDFS: Number of large read operations=0
		HDFS: Number of write operations=72
	Job Counters 
		Failed map tasks=6
		Killed reduce tasks=44
		Launched map tasks=1497
		Launched reduce tasks=80
		Other local map tasks=6
		Data-local map tasks=1483
		Rack-local map tasks=8
		Total time spent by all maps in occupied slots (ms)=276997064
		Total time spent by all reduces in occupied slots (ms)=14782816
		Total time spent by all map tasks (ms)=69249266
		Total time spent by all reduce tasks (ms)=3695704
		Total vcore-seconds taken by all map tasks=69249266
		Total vcore-seconds taken by all reduce tasks=3695704
		Total megabyte-seconds taken by all map tasks=283644993536
		Total megabyte-seconds taken by all reduce tasks=15137603584
	Map-Reduce Framework
		Map input records=10000000
		Map output records=299691
		Map output bytes=395286465
		Map output materialized bytes=212521305
		Input split bytes=199794
		Combine input records=0
		Combine output records=0
		Reduce input groups=100
		Reduce shuffle bytes=212521305
		Reduce input records=299691
		Reduce output records=17272
		Spilled Records=599382
		Shuffled Maps =53676
		Failed Shuffles=0
		Merged Map outputs=53676
		GC time elapsed (ms)=344346
		CPU time spent (ms)=51672750
		Physical memory (bytes) snapshot=641960296448
		Virtual memory (bytes) snapshot=1934296817664
		Total committed heap usage (bytes)=507835842560
	Shuffle Errors
		BAD_ID=0
		CONNECTION=0
		IO_ERROR=0
		WRONG_LENGTH=0
		WRONG_MAP=0
		WRONG_REDUCE=0
	File Input Format Counters 
		Bytes Read=200097648640
	File Output Format Counters 
		Bytes Written=2237022
	rmr
		reduce calls=100
15/04/14 21:06:43 INFO streaming.StreamJob: Output directory: /tmp/file3a8748d1fa0
15/04/14 21:06:45 WARN util.NativeCodeLoader: Unable to load native-hadoop library for your platform... using builtin-java classes where applicable
15/04/14 21:06:50 WARN util.NativeCodeLoader: Unable to load native-hadoop library for your platform... using builtin-java classes where applicable
15/04/14 21:06:52 WARN util.NativeCodeLoader: Unable to load native-hadoop library for your platform... using builtin-java classes where applicable
15/04/14 21:06:55 WARN util.NativeCodeLoader: Unable to load native-hadoop library for your platform... using builtin-java classes where applicable
15/04/14 21:06:58 WARN util.NativeCodeLoader: Unable to load native-hadoop library for your platform... using builtin-java classes where applicable
15/04/14 21:07:00 WARN util.NativeCodeLoader: Unable to load native-hadoop library for your platform... using builtin-java classes where applicable
15/04/14 21:07:03 WARN util.NativeCodeLoader: Unable to load native-hadoop library for your platform... using builtin-java classes where applicable
15/04/14 21:07:05 WARN util.NativeCodeLoader: Unable to load native-hadoop library for your platform... using builtin-java classes where applicable
15/04/14 21:07:10 WARN util.NativeCodeLoader: Unable to load native-hadoop library for your platform... using builtin-java classes where applicable
15/04/14 21:07:13 WARN util.NativeCodeLoader: Unable to load native-hadoop library for your platform... using builtin-java classes where applicable
15/04/14 21:07:15 WARN util.NativeCodeLoader: Unable to load native-hadoop library for your platform... using builtin-java classes where applicable
15/04/14 21:07:18 WARN util.NativeCodeLoader: Unable to load native-hadoop library for your platform... using builtin-java classes where applicable
15/04/14 21:07:21 WARN util.NativeCodeLoader: Unable to load native-hadoop library for your platform... using builtin-java classes where applicable
15/04/14 21:07:25 WARN util.NativeCodeLoader: Unable to load native-hadoop library for your platform... using builtin-java classes where applicable
15/04/14 21:07:32 WARN util.NativeCodeLoader: Unable to load native-hadoop library for your platform... using builtin-java classes where applicable
15/04/14 21:07:34 WARN util.NativeCodeLoader: Unable to load native-hadoop library for your platform... using builtin-java classes where applicable
15/04/14 21:07:40 WARN util.NativeCodeLoader: Unable to load native-hadoop library for your platform... using builtin-java classes where applicable
15/04/14 21:07:44 WARN util.NativeCodeLoader: Unable to load native-hadoop library for your platform... using builtin-java classes where applicable
15/04/14 21:07:47 WARN util.NativeCodeLoader: Unable to load native-hadoop library for your platform... using builtin-java classes where applicable
15/04/14 21:07:54 WARN util.NativeCodeLoader: Unable to load native-hadoop library for your platform... using builtin-java classes where applicable
15/04/14 21:07:56 WARN util.NativeCodeLoader: Unable to load native-hadoop library for your platform... using builtin-java classes where applicable
15/04/14 21:08:00 WARN util.NativeCodeLoader: Unable to load native-hadoop library for your platform... using builtin-java classes where applicable
15/04/14 21:08:02 WARN util.NativeCodeLoader: Unable to load native-hadoop library for your platform... using builtin-java classes where applicable
15/04/14 21:08:05 WARN util.NativeCodeLoader: Unable to load native-hadoop library for your platform... using builtin-java classes where applicable
15/04/14 21:08:10 WARN util.NativeCodeLoader: Unable to load native-hadoop library for your platform... using builtin-java classes where applicable
15/04/14 21:08:12 WARN util.NativeCodeLoader: Unable to load native-hadoop library for your platform... using builtin-java classes where applicable
15/04/14 21:08:15 WARN util.NativeCodeLoader: Unable to load native-hadoop library for your platform... using builtin-java classes where applicable
15/04/14 21:08:17 WARN util.NativeCodeLoader: Unable to load native-hadoop library for your platform... using builtin-java classes where applicable
15/04/14 21:08:20 WARN util.NativeCodeLoader: Unable to load native-hadoop library for your platform... using builtin-java classes where applicable
15/04/14 21:08:25 WARN util.NativeCodeLoader: Unable to load native-hadoop library for your platform... using builtin-java classes where applicable
15/04/14 21:08:28 WARN util.NativeCodeLoader: Unable to load native-hadoop library for your platform... using builtin-java classes where applicable
15/04/14 21:08:30 WARN util.NativeCodeLoader: Unable to load native-hadoop library for your platform... using builtin-java classes where applicable
15/04/14 21:08:34 WARN util.NativeCodeLoader: Unable to load native-hadoop library for your platform... using builtin-java classes where applicable
15/04/14 21:08:37 WARN util.NativeCodeLoader: Unable to load native-hadoop library for your platform... using builtin-java classes where applicable
15/04/14 21:08:39 WARN util.NativeCodeLoader: Unable to load native-hadoop library for your platform... using builtin-java classes where applicable
15/04/14 21:08:42 WARN util.NativeCodeLoader: Unable to load native-hadoop library for your platform... using builtin-java classes where applicable
15/04/14 21:08:46 WARN util.NativeCodeLoader: Unable to load native-hadoop library for your platform... using builtin-java classes where applicable
15/04/14 21:08:49 WARN util.NativeCodeLoader: Unable to load native-hadoop library for your platform... using builtin-java classes where applicable
15/04/14 21:08:54 WARN util.NativeCodeLoader: Unable to load native-hadoop library for your platform... using builtin-java classes where applicable
15/04/14 21:08:57 WARN util.NativeCodeLoader: Unable to load native-hadoop library for your platform... using builtin-java classes where applicable
15/04/14 21:08:59 INFO fs.TrashPolicyDefault: Namenode trash configuration: Deletion interval = 1440 minutes, Emptier interval = 0 minutes.
Moved: 'hdfs://node001:8020/tmp/file3a8748d1fa0' to trash at: hdfs://node001:8020/user/creggian/.Trash/Current
